Started GET "/" for 127.0.0.1 at 2017-07-25 09:16:59 +0700
Processing by Rails::WelcomeController#index as HTML
  Rendering /var/lib/gems/2.3.0/gems/railties-5.1.2/lib/rails/templates/rails/welcome/index.html.erb
  Rendered /var/lib/gems/2.3.0/gems/railties-5.1.2/lib/rails/templates/rails/welcome/index.html.erb (14.7ms)
Completed 200 OK in 441ms (Views: 64.5ms)


Started GET "/" for 127.0.0.1 at 2017-07-25 09:34:04 +0700
Processing by Rails::WelcomeController#index as HTML
  Rendering /var/lib/gems/2.3.0/gems/railties-5.1.2/lib/rails/templates/rails/welcome/index.html.erb
  Rendered /var/lib/gems/2.3.0/gems/railties-5.1.2/lib/rails/templates/rails/welcome/index.html.erb (6.7ms)
Completed 200 OK in 11ms (Views: 9.2ms)


Started GET "/" for 127.0.0.1 at 2017-07-25 09:34:12 +0700
Processing by Rails::WelcomeController#index as HTML
  Rendering /var/lib/gems/2.3.0/gems/railties-5.1.2/lib/rails/templates/rails/welcome/index.html.erb
  Rendered /var/lib/gems/2.3.0/gems/railties-5.1.2/lib/rails/templates/rails/welcome/index.html.erb (8.0ms)
Completed 200 OK in 14ms (Views: 10.8ms)


Started GET "/" for 127.0.0.1 at 2017-07-25 09:38:03 +0700
Processing by ApplicationController#hello as HTML
  Rendering html template
  Rendered html template (0.1ms)
Completed 200 OK in 37ms (Views: 35.9ms)


